<?xml version="1.0" encoding="UTF-8"?>
<!-- Generated by org.testng.reporters.JUnitReportReporter -->
<testsuite hostname="DESKTOP-QCF3R5E" failures="0" tests="4" name="Testclass.spiceJetTest" time="46.582" errors="0" timestamp="2024-07-11T01:18:10 IST" skipped="0">
  <testcase classname="Testclass.spiceJetTest" name="validateSignUpPage" time="14.041"/>
  <testcase classname="Testclass.spiceJetTest" name="onewaytrip" time="10.797"/>
  <testcase classname="Testclass.spiceJetTest" name="twoWaytrip" time="4.355"/>
  <testcase classname="Testclass.spiceJetTest" name="loginValidation" time="17.389"/>
</testsuite> <!-- Testclass.spiceJetTest -->
